<?xml version="1.0" encoding="UTF-8"?>
<!-- Generated by org.testng.reporters.JUnitXMLReporter -->
<testsuite ignored="1" hostname="CPX-NGVB7ASS3IU" failures="0" tests="4" name="Guru 99 Smoke Test Demo" time="21.5" errors="0" timestamp="2023-03-09T15:28:01 MEZ">
  <testcase classname="org.example.TC_Class" name="tc01LaunchURL" time="12.822"/>
  <testcase classname="org.example.TC_Class" name="tc02VerifyLaunchPage" time="0.139"/>
  <testcase classname="org.example.TC_Class" name="tc03EnterCredentials" time="6.629"/>
  <testcase classname="org.example.TC_Class" name="tc04VerifyLoggedInPage" time="0.048"/>
  <testcase classname="org.example.TC_Class" name="tc05VerifyHyperlinks" time="0.0">
    <ignored/>
  </testcase> <!-- tc05VerifyHyperlinks -->
</testsuite> <!-- Guru 99 Smoke Test Demo -->
